<?xml version="1.0" encoding="UTF-8"?>
<!-- Generated by org.testng.reporters.JUnitReportReporter -->
<testsuite skipped="0" hostname="DESKTOP-I9S3ABE" name="com.sinosoft.testcases.fccb.PGGLTestCase" tests="6" failures="0" timestamp="23 Jul 2020 10:22:14 GMT" time="105.266" errors="1">
  <testcase name="FCCB_TBCL1" time="22.919" classname="com.sinosoft.testcases.fccb.PGGLTestCase"/>
  <testcase name="FCCB_TBCL2" time="23.470" classname="com.sinosoft.testcases.fccb.PGGLTestCase"/>
  <testcase name="tearDown" time="4.391" classname="com.sinosoft.testcases.fccb.PGGLTestCase">
    <error type="java.lang.NullPointerException">
      <![CDATA[java.lang.NullPointerException
	at com.sinosoft.testcases.fccb.PGGLTestCase.tearDown(PGGLTestCase.java:151)
	at sun.reflect.NativeMethodAccessorImpl.invoke0(Native Method)
	at sun.reflect.NativeMethodAccessorImpl.invoke(NativeMethodAccessorImpl.java:62)
	at sun.reflect.DelegatingMethodAccessorImpl.invoke(DelegatingMethodAccessorImpl.java:43)
	at java.lang.reflect.Method.invoke(Method.java:498)
	at org.testng.internal.MethodInvocationHelper.invokeMethod(MethodInvocationHelper.java:108)
	at org.testng.internal.Invoker.invokeConfigurationMethod(Invoker.java:523)
	at org.testng.internal.Invoker.invokeConfigurations(Invoker.java:224)
	at org.testng.internal.Invoker.invokeMethod(Invoker.java:723)
	at org.testng.internal.Invoker.invokeTestMethod(Invoker.java:869)
	at org.testng.internal.Invoker.invokeTestMethods(Invoker.java:1193)
	at org.testng.internal.TestMethodWorker.invokeTestMethods(TestMethodWorker.java:126)
	at org.testng.internal.TestMethodWorker.run(TestMethodWorker.java:109)
	at java.util.concurrent.ThreadPoolExecutor.runWorker(ThreadPoolExecutor.java:1142)
	at java.util.concurrent.ThreadPoolExecutor$Worker.run(ThreadPoolExecutor.java:617)
	at java.lang.Thread.run(Thread.java:745)
]]>
    </error>
  </testcase> <!-- tearDown -->
  <testcase name="FCCB_TBCL4" time="24.811" classname="com.sinosoft.testcases.fccb.PGGLTestCase"/>
  <testcase name="FCCB_TBCL3" time="29.140" classname="com.sinosoft.testcases.fccb.PGGLTestCase"/>
  <testcase name="tearDown" time="0.535" classname="com.sinosoft.testcases.fccb.PGGLTestCase"/>
</testsuite> <!-- com.sinosoft.testcases.fccb.PGGLTestCase -->
